<?xml version="1.0" encoding="UTF-8"?>
<testng-results ignored="0" total="3" passed="3" failed="0" skipped="0">
  <reporter-output>
  </reporter-output>
  <suite started-at="2022-03-28T10:30:53 IST" name="Suite" finished-at="2022-03-28T10:31:20 IST" duration-ms="27164">
    <groups>
    </groups>
    <test started-at="2022-03-28T10:30:53 IST" name="Test" finished-at="2022-03-28T10:31:20 IST" duration-ms="27164">
      <class name="day7.CheckBox">
        <test-method is-config="true" signature="LaunchBrowser()[pri:0, instance:day7.CheckBox@2a266d09]" started-at="2022-03-28T10:30:53 IST" name="LaunchBrowser" finished-at="2022-03-28T10:30:55 IST" duration-ms="2477" status="PASS">
          <reporter-output>
          </reporter-output>
        </test-method> <!-- LaunchBrowser -->
        <test-method signature="Login()[pri:1, instance:day7.CheckBox@2a266d09]" started-at="2022-03-28T10:30:55 IST" name="Login" description="Login to OrangeHRM with valid credentials" finished-at="2022-03-28T10:31:07 IST" duration-ms="11342" status="PASS">
          <reporter-output>
          </reporter-output>
        </test-method> <!-- Login -->
        <test-method signature="Leave()[pri:2, instance:day7.CheckBox@2a266d09]" started-at="2022-03-28T10:31:07 IST" name="Leave" finished-at="2022-03-28T10:31:15 IST" duration-ms="8147" status="PASS">
          <reporter-output>
          </reporter-output>
        </test-method> <!-- Leave -->
        <test-method signature="Logout()[pri:3, instance:day7.CheckBox@2a266d09]" started-at="2022-03-28T10:31:15 IST" name="Logout" description="Logout from OrangeHRM" finished-at="2022-03-28T10:31:19 IST" duration-ms="4507" status="PASS">
          <reporter-output>
          </reporter-output>
        </test-method> <!-- Logout -->
        <test-method is-config="true" signature="CloseBrowser()[pri:0, instance:day7.CheckBox@2a266d09]" started-at="2022-03-28T10:31:19 IST" name="CloseBrowser" finished-at="2022-03-28T10:31:20 IST" duration-ms="664" status="PASS">
          <reporter-output>
          </reporter-output>
        </test-method> <!-- CloseBrowser -->
      </class> <!-- day7.CheckBox -->
    </test> <!-- Test -->
  </suite> <!-- Suite -->
</testng-results>
