<?xml version="1.0" encoding="UTF-8"?>
<testsuite xmlns:xsi="http://www.w3.org/2001/XMLSchema-instance" xsi:schemaLocation="https://maven.apache.org/surefire/maven-surefire-plugin/xsd/surefire-test-report.xsd" name="TestSuite" time="27.545" tests="3" errors="0" skipped="0" failures="0">
  <properties>
[...]
</properties>
  <testcase name="Login" classname="day7.CheckBox" time="11.343"/>
  <testcase name="Leave" classname="day7.CheckBox" time="8.146"/>
  <testcase name="Logout" classname="day7.CheckBox" time="4.507"/>
</testsuite>