<?xml version="1.0" encoding="UTF-8"?>
<testng-results ignored="0" total="1" passed="1" failed="0" skipped="0">
  <reporter-output>
  </reporter-output>
  <suite started-at="2022-03-24T11:50:01 IST" name="Default suite" finished-at="2022-03-24T11:51:38 IST" duration-ms="97171">
    <groups>
    </groups>
    <test started-at="2022-03-24T11:50:01 IST" name="Default test" finished-at="2022-03-24T11:51:38 IST" duration-ms="97171">
      <class name="day9.FindAllLinks">
        <test-method signature="navigateToAllLinks()[pri:0, instance:day9.FindAllLinks@d5b810e]" started-at="2022-03-24T11:50:01 IST" name="navigateToAllLinks" finished-at="2022-03-24T11:51:38 IST" duration-ms="97145" status="PASS">
          <reporter-output>
          </reporter-output>
        </test-method> <!-- navigateToAllLinks -->
      </class> <!-- day9.FindAllLinks -->
    </test> <!-- Default test -->
  </suite> <!-- Default suite -->
</testng-results>
